SF:lib/main.dart
DA:4,0
DA:5,0
DA:9,3
DA:11,1
DA:13,1
DA:14,1
DA:15,1
DA:17,1
LF:8
LH:6
end_of_record
SF:lib/screens/home.dart
DA:10,2
DA:14,2
DA:15,2
DA:21,1
DA:22,1
DA:23,3
DA:27,2
DA:28,2
DA:31,3
DA:34,1
DA:35,2
DA:36,5
DA:40,1
DA:41,1
DA:43,1
DA:44,2
DA:49,1
DA:50,2
DA:51,2
DA:55,2
DA:57,4
DA:59,2
DA:60,2
DA:61,6
DA:62,6
DA:63,2
DA:64,2
DA:65,2
DA:66,2
DA:70,2
DA:71,2
DA:73,2
DA:74,2
DA:75,6
DA:80,2
DA:81,2
LF:36
LH:36
end_of_record
SF:lib/models/item_list.dart
DA:6,3
LF:1
LH:1
end_of_record
SF:lib/utils/item_sort.dart
DA:3,3
DA:4,3
DA:5,4
DA:6,3
DA:7,1
LF:5
LH:5
end_of_record
SF:lib/components/add_item_form.dart
DA:7,2
DA:9,2
DA:10,2
DA:19,2
DA:20,4
DA:21,4
DA:24,2
DA:25,1
DA:30,4
DA:31,2
DA:34,6
DA:37,2
DA:39,2
DA:41,2
DA:43,2
DA:45,2
DA:46,2
DA:47,2
DA:48,2
DA:49,2
DA:50,2
DA:52,2
DA:55,2
DA:56,2
DA:57,2
DA:58,2
DA:59,2
DA:60,2
DA:61,2
DA:63,2
LF:30
LH:30
end_of_record
SF:lib/components/todo_item.dart
DA:9,3
DA:11,3
DA:13,6
DA:14,3
DA:15,3
DA:16,3
DA:17,3
DA:18,3
DA:20,9
DA:26,2
DA:27,4
DA:28,2
DA:29,4
DA:30,2
DA:32,2
DA:33,2
DA:34,2
DA:35,2
DA:36,6
DA:38,2
DA:39,2
DA:40,6
DA:42,2
DA:43,8
DA:44,6
DA:45,2
LF:26
LH:26
end_of_record
SF:lib/shared/auth/auth_service.dart
DA:6,2
DA:7,4
LF:2
LH:2
end_of_record
SF:lib/shared/validators/title_validator.dart
DA:2,2
DA:3,4
DA:6,6
LF:3
LH:3
end_of_record
